<?xml version="1.0" encoding="UTF-8"?>
<!-- Generated by org.testng.reporters.JUnitXMLReporter -->
<testsuite ignored="0" hostname="dell-Latitude-3510" failures="0" tests="1" name="TravolgoTestcase1" time="0.042" errors="0" timestamp="2025-11-15T16:06:03 IST">
  <testcase classname="com.travolgo.test.LoginPageTest" name="@BeforeMethod setup" time="0.004">
    <failure type="java.lang.NumberFormatException" message="null">
      <![CDATA[java.lang.NumberFormatException: null
at java.base/java.lang.Integer.parseInt(Integer.java:614)
at java.base/java.lang.Integer.parseInt(Integer.java:770)
at com.travolgo.actiondriver.ActionDriver.<init>(ActionDriver.java:29)
at com.travolgo.test.LoginPagePOM.<init>(LoginPagePOM.java:14)
at com.travolgo.test.LoginPageTest.setup(LoginPageTest.java:13)
at java.base/java.util.ArrayList.forEach(ArrayList.java:1541)
... Removed 31 stack frames]]>
    </failure>
  </testcase> <!-- @BeforeMethod setup -->
  <testcase classname="com.travolgo.base.BaseClass" name="@AfterMethod tearDown" time="0.0">
    <skipped/>
  </testcase> <!-- @AfterMethod tearDown -->
  <testcase classname="com.travolgo.test.LoginPageTest" name="verifyLogin" time="0.0">
    <skipped/>
  </testcase> <!-- verifyLogin -->
</testsuite> <!-- TravolgoTestcase1 -->
