<?xml version="1.0" encoding="UTF-8"?>
<!-- Generated by org.testng.reporters.JUnitXMLReporter -->
<testsuite ignored="1" hostname="dell-Latitude-3510" failures="0" tests="2" name="TravolgoTestcase2" time="24.783" errors="0" timestamp="2025-11-15T11:24:54 IST">
  <testcase classname="com.travolgo.test.DummyClass" name="checking" time="0.028"/>
  <testcase classname="com.travolgo.test.DummyClass2" name="checking" time="0.009"/>
  <testcase classname="com.travolgo.base.BaseClass" name="@BeforeSuite loadConfig" time="0.0">
    <ignored/>
  </testcase> <!-- @BeforeSuite loadConfig -->
</testsuite> <!-- TravolgoTestcase2 -->
