<?xml version="1.0" encoding="UTF-8"?>
<!-- Generated by org.testng.reporters.JUnitReportReporter -->
<testsuite hostname="Hariprajaa-B-F7NWG6XVT0.local" failures="0" tests="2" name="com.travolgo.test.LoginPageTest" time="40.885" errors="0" timestamp="2026-01-03T09:47:51 IST" skipped="0">
  <testcase classname="com.travolgo.test.LoginPageTest" name="verifyLogin" time="27.333"/>
  <testcase classname="com.travolgo.test.LoginPageTest" name="verifyInvalidLogin" time="13.552"/>
</testsuite> <!-- com.travolgo.test.LoginPageTest -->
