<?xml version="1.0" encoding="UTF-8"?>
<!-- Generated by org.testng.reporters.JUnitReportReporter -->
<testsuite hostname="dell-Latitude-3510" failures="0" tests="2" name="com.travolgo.test.DummyClass2" time="19.783" errors="0" timestamp="2025-11-15T11:24:54 IST" skipped="0">
  <testcase classname="com.travolgo.test.DummyClass2" name="checking" time="10.394"/>
  <testcase classname="com.travolgo.test.DummyClass2" name="checking" time="9.389"/>
</testsuite> <!-- com.travolgo.test.DummyClass2 -->
